<?xml version="1.0" encoding="UTF-8"?>
<!-- Generated by org.testng.reporters.JUnitXMLReporter -->
<testsuite hostname="LT106307" ignored="0" name="Login" tests="4" failures="0" timestamp="14 Apr 2020 13:05:56 GMT" time="88.841" errors="0">
  <testcase name="verifyAdminUser" time="24.721" classname="testCases.Loginfunctionality"/>
  <testcase name="verifyReaderUser" time="15.482" classname="testCases.Loginfunctionality"/>
  <testcase name="verifyConfiguratorUser" time="45.088" classname="testCases.Loginfunctionality"/>
  <testcase name="verifyInvalidUser" time="3.528" classname="testCases.Loginfunctionality"/>
</testsuite> <!-- Login -->
