<?xml version="1.0" encoding="UTF-8"?>
<!-- Generated by org.testng.reporters.JUnitXMLReporter -->
<testsuite hostname="LT106307" ignored="0" name="Manage_Setting" tests="5" failures="0" timestamp="15 Apr 2020 11:01:55 GMT" time="164.134" errors="0">
  <testcase name="VerifyagencyTab" time="27.053" classname="testCases.SettingPage"/>
  <testcase name="VerifySellersManagerTab" time="28.263" classname="testCases.SettingPage"/>
  <testcase name="VerifyArticlesTab" time="29.407" classname="testCases.SettingPage"/>
  <testcase name="VerifysupplierProducerTab" time="29.182" classname="testCases.SettingPage"/>
  <testcase name="VerifysupplierApproTab" time="50.219" classname="testCases.SettingPage"/>
</testsuite> <!-- Manage_Setting -->
