<?xml version="1.0" encoding="UTF-8"?>
<!-- Generated by org.testng.reporters.JUnitXMLReporter -->
<testsuite hostname="LT106307" ignored="0" name="Manage_Setting" tests="5" failures="0" timestamp="16 Apr 2020 13:15:51 GMT" time="149.653" errors="0">
  <testcase name="VerifyagencyTab" time="23.019" classname="testCases.SettingPage"/>
  <testcase name="VerifySellersManagerTab" time="24.781" classname="testCases.SettingPage"/>
  <testcase name="VerifyArticlesTab" time="27.081" classname="testCases.SettingPage"/>
  <testcase name="VerifysupplierProducerTab" time="27.106" classname="testCases.SettingPage"/>
  <testcase name="VerifysupplierApproTab" time="47.647" classname="testCases.SettingPage"/>
</testsuite> <!-- Manage_Setting -->
